<?xml version="1.0" encoding="UTF-8"?>
<testsuite name="FemaleTest" tests="4" skipped="0" failures="0" errors="0" timestamp="2015-09-09T18:41:35" hostname="epicodus-108.local" time="0.153">
  <properties/>
  <testcase name="save_savesFemaleIntoDatabase_true" classname="FemaleTest" time="0.112"/>
  <testcase name="find_findsFemaleInDatabase_true" classname="FemaleTest" time="0.02"/>
  <testcase name="equals_returnsTrueIfFemalesAreTheSame" classname="FemaleTest" time="0.007"/>
  <testcase name="all_emptyAtFirst" classname="FemaleTest" time="0.013"/>
  <system-out><![CDATA[]]></system-out>
  <system-err><![CDATA[]]></system-err>
</testsuite>
