<?xml version="1.0" encoding="UTF-8"?>
<testsuite name="FemaleTest" tests="1" skipped="0" failures="0" errors="0" timestamp="2015-09-09T18:24:10" hostname="epicodus-108.local" time="0.139">
  <properties/>
  <testcase name="all_emptyAtFirst" classname="FemaleTest" time="0.139"/>
  <system-out><![CDATA[]]></system-out>
  <system-err><![CDATA[]]></system-err>
</testsuite>
