<?xml version="1.0" encoding="UTF-8"?>
<testsuite name="FemaleTest" tests="6" skipped="0" failures="0" errors="0" timestamp="2015-09-09T19:22:00" hostname="epicodus-108.local" time="0.224">
  <properties/>
  <testcase name="addMale_addsMaleToFemale" classname="FemaleTest" time="0.127"/>
  <testcase name="save_savesFemaleIntoDatabase_true" classname="FemaleTest" time="0.02"/>
  <testcase name="find_findsFemaleInDatabase_true" classname="FemaleTest" time="0.019"/>
  <testcase name="equals_returnsTrueIfFemalesAreTheSame" classname="FemaleTest" time="0.007"/>
  <testcase name="all_emptyAtFirst" classname="FemaleTest" time="0.012"/>
  <testcase name="update_updatesFemaleFormInDatabase_true" classname="FemaleTest" time="0.037"/>
  <system-out><![CDATA[]]></system-out>
  <system-err><![CDATA[]]></system-err>
</testsuite>
